[0.009s] Invoking command in '/home/dev/Stem_ws/build/Rosblockly': CMAKE_PREFIX_PATH=/opt/ros/humble /usr/bin/cmake /home/dev/Stem_ws/src/Rosblockly -DAMENT_CMAKE_SYMLINK_INSTALL=1 -DCMAKE_INSTALL_PREFIX=/home/dev/Stem_ws/install/Rosblockly
[0.120s] -- The C compiler identification is GNU 11.4.0
[0.196s] -- The CXX compiler identification is GNU 11.4.0
[0.205s] -- Detecting C compiler ABI info
[0.259s] -- Detecting C compiler ABI info - done
[0.266s] -- Check for working C compiler: /usr/bin/cc - skipped
[0.267s] -- Detecting C compile features
[0.267s] -- Detecting C compile features - done
[0.270s] -- Detecting CXX compiler ABI info
[0.331s] -- Detecting CXX compiler ABI info - done
[0.337s] -- Check for working CXX compiler: /usr/bin/c++ - skipped
[0.337s] -- Detecting CXX compile features
[0.338s] -- Detecting CXX compile features - done
[0.344s] -- Found ament_cmake: 1.3.9 (/opt/ros/humble/share/ament_cmake/cmake)
[0.486s] -- Found Python3: /usr/bin/python3 (found version "3.10.12") found components: Interpreter 
[0.542s] -- Override CMake install command with custom implementation using symlinks instead of copying resources
[0.575s] -- Found ament_lint_auto: 0.12.11 (/opt/ros/humble/share/ament_lint_auto/cmake)
[0.631s] WARNING: Package name "Rosblockly" does not follow the naming conventions. It should start with a lower case letter and only contain lower case letters, digits, underscores, and dashes.
[0.657s] -- Added test 'lint_cmake' to check CMake code style
[0.658s] -- Added test 'xmllint' to check XML markup files
[0.659s] -- Configuring done
[0.661s] -- Generating done
[0.662s] -- Build files have been written to: /home/dev/Stem_ws/build/Rosblockly
[0.670s] Invoked command in '/home/dev/Stem_ws/build/Rosblockly' returned '0': CMAKE_PREFIX_PATH=/opt/ros/humble /usr/bin/cmake /home/dev/Stem_ws/src/Rosblockly -DAMENT_CMAKE_SYMLINK_INSTALL=1 -DCMAKE_INSTALL_PREFIX=/home/dev/Stem_ws/install/Rosblockly
[0.672s] Invoking command in '/home/dev/Stem_ws/build/Rosblockly': CMAKE_PREFIX_PATH=/opt/ros/humble /usr/bin/cmake --build /home/dev/Stem_ws/build/Rosblockly -- -j16 -l16
[0.707s] Invoked command in '/home/dev/Stem_ws/build/Rosblockly' returned '0': CMAKE_PREFIX_PATH=/opt/ros/humble /usr/bin/cmake --build /home/dev/Stem_ws/build/Rosblockly -- -j16 -l16
[0.728s] Invoking command in '/home/dev/Stem_ws/build/Rosblockly': CMAKE_PREFIX_PATH=/opt/ros/humble /usr/bin/cmake --install /home/dev/Stem_ws/build/Rosblockly
[0.734s] -- Install configuration: ""
[0.734s] -- Execute custom install script
[0.735s] -- Symlinking: /home/dev/Stem_ws/install/Rosblockly/share/ament_index/resource_index/package_run_dependencies/Rosblockly
[0.741s] -- Symlinking: /home/dev/Stem_ws/install/Rosblockly/share/ament_index/resource_index/parent_prefix_path/Rosblockly
[0.747s] -- Symlinking: /home/dev/Stem_ws/install/Rosblockly/share/Rosblockly/environment/ament_prefix_path.sh
[0.753s] -- Symlinking: /home/dev/Stem_ws/install/Rosblockly/share/Rosblockly/environment/ament_prefix_path.dsv
[0.759s] -- Symlinking: /home/dev/Stem_ws/install/Rosblockly/share/Rosblockly/environment/path.sh
[0.765s] -- Symlinking: /home/dev/Stem_ws/install/Rosblockly/share/Rosblockly/environment/path.dsv
[0.771s] -- Symlinking: /home/dev/Stem_ws/install/Rosblockly/share/Rosblockly/local_setup.bash
[0.777s] -- Symlinking: /home/dev/Stem_ws/install/Rosblockly/share/Rosblockly/local_setup.sh
[0.783s] -- Symlinking: /home/dev/Stem_ws/install/Rosblockly/share/Rosblockly/local_setup.zsh
[0.788s] -- Symlinking: /home/dev/Stem_ws/install/Rosblockly/share/Rosblockly/local_setup.dsv
[0.798s] -- Symlinking: /home/dev/Stem_ws/install/Rosblockly/share/Rosblockly/package.dsv
[0.804s] -- Symlinking: /home/dev/Stem_ws/install/Rosblockly/share/ament_index/resource_index/packages/Rosblockly
[0.810s] -- Symlinking: /home/dev/Stem_ws/install/Rosblockly/share/Rosblockly/cmake/RosblocklyConfig.cmake
[0.816s] -- Symlinking: /home/dev/Stem_ws/install/Rosblockly/share/Rosblockly/cmake/RosblocklyConfig-version.cmake
[0.822s] -- Symlinking: /home/dev/Stem_ws/install/Rosblockly/share/Rosblockly/package.xml
[0.829s] Invoked command in '/home/dev/Stem_ws/build/Rosblockly' returned '0': CMAKE_PREFIX_PATH=/opt/ros/humble /usr/bin/cmake --install /home/dev/Stem_ws/build/Rosblockly
